New log file opened at Fri Dec 04 00:39:54 CST 2015 by 77144@Puffys-MacBook-Pro.local
jvm 77144@Puffys-MacBook-Pro.local
jvm vmName=Java HotSpot(TM) 64-Bit Server VM vmVendor=Oracle Corporation vmVersion=25.40-b25
jvm specName=Java Virtual Machine Specification specVendor=Oracle Corporation specVersion=1.8
jvm arguments: [-Xms256m, -Xmx1024m, -XX:MetaspaceSize=64m, -XX:MaxMetaspaceSize=256m]
Starting event engine
Starting sbt command engine
Waiting for sbt command engine
Command engine arguments=List()
Command engine baseDirectory=/Users/Puffy/git/dajia/play-java
Command engine initial remaining commands List(--initialize, onFailure load-failed, boot, server-send-ready-for-request, server-handle-next-server-request)
> --initialize
> initialize
> onFailure load-failed
> boot
> reload
[Loading] Scanning directory /Users/Puffy/git/dajia/play-java/project
[Loading] Found non-root projects 
[Loading] Done in /Users/Puffy/git/dajia/play-java/project, returning: ()
deducing auto plugins based on known facts Set(Atom(sbt.plugins.CorePlugin)) and clauses Clauses(List(Clause(Atom(sbt.plugins.JvmPlugin),Set(Atom(sbt.plugins.IvyPlugin))), Clause(Atom(sbt.plugins.JUnitXmlReportPlugin),Set(Atom(sbt.plugins.JvmPlugin))), Clause(Atom(sbt.plugins.CorePlugin),Set(Atom(sbt.plugins.IvyPlugin))), Clause(Atom(sbt.plugins.IvyPlugin),Set(Atom(sbt.plugins.JvmPlugin))), Clause(Atom(sbt.plugins.JvmPlugin),Set(Atom(sbt.plugins.JUnitXmlReportPlugin)))))
  :: deduced result: Matched(sbt.plugins.CorePlugin,sbt.plugins.IvyPlugin,sbt.plugins.JvmPlugin,sbt.plugins.JUnitXmlReportPlugin)
sorting: ns: List(sbt.plugins.CorePlugin, sbt.plugins.IvyPlugin, sbt.plugins.JvmPlugin, sbt.plugins.JUnitXmlReportPlugin)
  :: sorting:: found: List(sbt.plugins.CorePlugin) not found List(sbt.plugins.IvyPlugin, sbt.plugins.JvmPlugin, sbt.plugins.JUnitXmlReportPlugin)
  :: sorting:: found: List(sbt.plugins.CorePlugin, sbt.plugins.IvyPlugin) not found List(sbt.plugins.JvmPlugin, sbt.plugins.JUnitXmlReportPlugin)
  :: sorting:: found: List(sbt.plugins.CorePlugin, sbt.plugins.IvyPlugin, sbt.plugins.JvmPlugin) not found List(sbt.plugins.JUnitXmlReportPlugin)
  :: sorting:: found: List(sbt.plugins.CorePlugin, sbt.plugins.IvyPlugin, sbt.plugins.JvmPlugin, sbt.plugins.JUnitXmlReportPlugin) not found List()
  :: sorted deduced result: List(sbt.plugins.CorePlugin, sbt.plugins.IvyPlugin, sbt.plugins.JvmPlugin, sbt.plugins.JUnitXmlReportPlugin)
[Loading] Done in /Users/Puffy/git/dajia/play-java/project, returning: (play-java-build)
Loading project definition from /Users/Puffy/git/dajia/play-java/project
Running task... Cancel: sbt.TaskCancellationStrategy$Null$@6dd8dd23, check cycles: false

Initial source changes: 
	removed:Set()
	added: Set()
	modified: Set()
Removed products: Set()
External API changes: API Changes: Set()
Modified binary dependencies: Set()
Initial directly invalidated sources: Set()

Sources indirectly invalidated by:
	product: Set()
	binary dep: Set()
	external source: Set()
All initially invalidated sources: Set()

Copy resource mappings: 
	
[Loading] Scanning directory /Users/Puffy/git/dajia/play-java
[Loading] Found root project root w/ remaining 
deducing auto plugins based on known facts Set(Atom(play.sbt.PlayJava), Atom(play.ebean.sbt.PlayEbean), Atom(sbt.plugins.CorePlugin)) and clauses Clauses(List(Clause(Atom(sbt.plugins.JvmPlugin),Set(Atom(sbt.plugins.IvyPlugin))), Clause(Atom(sbt.plugins.JUnitXmlReportPlugin),Set(Atom(sbt.plugins.JvmPlugin))), Clause(Atom(play.sbt.forkrun.PlayForkRun),Set(Atom(sbt.plugins.BackgroundRunPlugin))), Clause(Atom(play.sbt.forkrun.PlayForkRun),Set(Atom(play.sbt.Play))), Clause(Atom(play.sbt.forkrun.PlayForkRun),Set(Atom(sbt.plugins.SerializersPlugin))), Clause(Atom(play.sbt.Play),Set(Atom(com.typesafe.sbt.packager.archetypes.JavaServerAppPackaging))), Clause(Atom(play.sbt.Play),Set(Atom(play.sbt.routes.RoutesCompiler))), Clause(Atom(play.sbt.Play),Set(Atom(play.twirl.sbt.SbtTwirl))), Clause(Atom(play.sbt.Play),Set(Atom(com.typesafe.sbt.jse.SbtJsTask))), Clause(Atom(play.sbt.PlayAkkaHttpServer),Set(Atom(play.sbt.Play))), Clause(Atom(play.sbt.PlayJava),Set(Atom(play.sbt.Play))), Clause(Atom(play.sbt.PlayLayoutPlugin),Set(Atom(play.sbt.Play))), Clause(Atom(play.sbt.PlayNettyServer),Set(Atom(play.sbt.Play))), Clause(Atom(play.sbt.PlayScala),Set(Atom(play.sbt.Play))), Clause(Atom(play.sbt.routes.RoutesCompiler),Set(Atom(sbt.plugins.JvmPlugin))), Clause(Atom(play.twirl.sbt.SbtTwirl),Set(Atom(sbt.plugins.JvmPlugin))), Clause(Atom(com.typesafe.sbt.packager.archetypes.AkkaAppPackaging),Set(Atom(com.typesafe.sbt.packager.archetypes.JavaAppPackaging))), Clause(Atom(com.typesafe.sbt.packager.archetypes.JavaAppPackaging),Set(Atom(com.typesafe.sbt.packager.windows.WindowsPlugin))), Clause(Atom(com.typesafe.sbt.packager.archetypes.JavaAppPackaging),Set(Atom(com.typesafe.sbt.packager.docker.DockerPlugin))), Clause(Atom(com.typesafe.sbt.packager.archetypes.JavaAppPackaging),Set(Atom(com.typesafe.sbt.packager.debian.DebianPlugin))), Clause(Atom(com.typesafe.sbt.packager.archetypes.JavaAppPackaging),Set(Atom(com.typesafe.sbt.packager.rpm.RpmPlugin))), Clause(Atom(com.typesafe.sbt.packager.archetypes.JavaServerAppPackaging),Set(Atom(com.typesafe.sbt.packager.archetypes.JavaAppPackaging))), Clause(Atom(com.typesafe.sbt.packager.archetypes.jar.ClasspathJarPlugin),Set(Atom(com.typesafe.sbt.packager.archetypes.JavaAppPackaging))), Clause(Atom(com.typesafe.sbt.packager.archetypes.jar.LauncherJarPlugin),Set(Atom(com.typesafe.sbt.packager.archetypes.JavaAppPackaging))), Clause(Atom(com.typesafe.sbt.packager.debian.DebianDeployPlugin),Set(Atom(com.typesafe.sbt.packager.debian.DebianPlugin))), Clause(Atom(com.typesafe.sbt.packager.debian.DebianPlugin),Set(Atom(com.typesafe.sbt.packager.linux.LinuxPlugin))), Clause(Atom(com.typesafe.sbt.packager.debian.JDebPackaging),Set(Atom(com.typesafe.sbt.packager.debian.DebianPlugin))), Clause(Atom(com.typesafe.sbt.packager.docker.DockerPlugin),Set(Atom(com.typesafe.sbt.packager.universal.UniversalPlugin))), Clause(Atom(com.typesafe.sbt.packager.jdkpackager.JDKPackagerDeployPlugin),Set(Atom(com.typesafe.sbt.packager.jdkpackager.JDKPackagerPlugin))), Clause(Atom(com.typesafe.sbt.packager.jdkpackager.JDKPackagerPlugin),Set(Atom(com.typesafe.sbt.packager.archetypes.JavaAppPackaging))), Clause(Atom(com.typesafe.sbt.packager.jdkpackager.JDKPackagerPlugin),Set(Atom(com.typesafe.sbt.packager.archetypes.jar.ClasspathJarPlugin))), Clause(Atom(com.typesafe.sbt.packager.linux.LinuxPlugin),Set(Atom(com.typesafe.sbt.packager.universal.UniversalPlugin))), Clause(Atom(com.typesafe.sbt.packager.rpm.RpmDeployPlugin),Set(Atom(com.typesafe.sbt.packager.rpm.RpmPlugin))), Clause(Atom(com.typesafe.sbt.packager.rpm.RpmPlugin),Set(Atom(com.typesafe.sbt.packager.linux.LinuxPlugin))), Clause(Atom(com.typesafe.sbt.packager.universal.UniversalDeployPlugin),Set(Atom(com.typesafe.sbt.packager.universal.UniversalPlugin))), Clause(Atom(com.typesafe.sbt.packager.universal.UniversalPlugin),Set(Atom(com.typesafe.sbt.SbtNativePackager))), Clause(Atom(com.typesafe.sbt.packager.windows.WindowsDeployPlugin),Set(Atom(com.typesafe.sbt.packager.windows.WindowsPlugin))), Clause(Atom(com.typesafe.sbt.packager.windows.WindowsPlugin),Set(Atom(com.typesafe.sbt.packager.universal.UniversalPlugin))), Clause(Atom(com.typesafe.sbt.web.SbtWeb),Set(Atom(sbt.plugins.JvmPlugin))), Clause(Atom(com.typesafe.sbt.jse.SbtJsEngine),Set(Atom(com.typesafe.sbt.web.SbtWeb))), Clause(Atom(com.typesafe.sbt.jse.SbtJsTask),Set(Atom(com.typesafe.sbt.jse.SbtJsEngine))), Clause(Atom(sbt.plugins.BackgroundRunPlugin),Set(Atom(sbt.plugins.JvmPlugin))), Clause(Atom(com.typesafe.sbt.coffeescript.SbtCoffeeScript),Set(Atom(com.typesafe.sbt.jse.SbtJsTask))), Clause(Atom(com.typesafe.sbt.less.SbtLess),Set(Atom(com.typesafe.sbt.jse.SbtJsTask))), Clause(Atom(com.typesafe.sbt.jshint.SbtJSHint),Set(Atom(com.typesafe.sbt.jse.SbtJsTask))), Clause(Atom(com.typesafe.sbt.rjs.SbtRjs),Set(Atom(com.typesafe.sbt.jse.SbtJsTask))), Clause(Atom(com.typesafe.sbt.digest.SbtDigest),Set(Atom(com.typesafe.sbt.web.SbtWeb))), Clause(Atom(com.typesafe.sbt.mocha.SbtMocha),Set(Atom(com.typesafe.sbt.jse.SbtJsTask))), Clause(Atom(com.typesafe.play.sbt.enhancer.PlayEnhancer),Set(Atom(sbt.plugins.JvmPlugin))), Clause(Atom(play.ebean.sbt.PlayEbean),Set(Atom(com.typesafe.play.sbt.enhancer.PlayEnhancer))), Clause(Atom(sbt.plugins.CorePlugin),Set(Atom(sbt.plugins.IvyPlugin))), Clause(Atom(sbt.plugins.IvyPlugin),Set(Atom(sbt.plugins.JvmPlugin))), Clause(Atom(sbt.plugins.JvmPlugin),Set(Atom(sbt.plugins.JUnitXmlReportPlugin))), Clause(And(Set(Atom(sbt.plugins.BackgroundRunPlugin), Atom(play.sbt.Play), Atom(sbt.plugins.SerializersPlugin))),Set(Atom(play.sbt.forkrun.PlayForkRun))), Clause(Atom(play.sbt.Play),Set(Atom(play.sbt.PlayLayoutPlugin))), Clause(Atom(play.sbt.Play),Set(Atom(play.sbt.PlayNettyServer))), Clause(Atom(com.typesafe.sbt.web.SbtWeb),Set(Atom(com.typesafe.sbt.jse.SbtJsEngine))), Clause(Atom(com.typesafe.sbt.jse.SbtJsEngine),Set(Atom(com.typesafe.sbt.jse.SbtJsTask))), Clause(Atom(sbt.plugins.JvmPlugin),Set(Atom(sbt.plugins.BackgroundRunPlugin))), Clause(Atom(sbt.plugins.CorePlugin),Set(Atom(sbt.plugins.InteractionServicePlugin))), Clause(Atom(sbt.plugins.CorePlugin),Set(Atom(sbt.plugins.SendEventServicePlugin))), Clause(Atom(sbt.plugins.CorePlugin),Set(Atom(sbt.plugins.SerializersPlugin))), Clause(Atom(com.typesafe.sbt.jse.SbtJsTask),Set(Atom(com.typesafe.sbt.coffeescript.SbtCoffeeScript))), Clause(Atom(com.typesafe.sbt.jse.SbtJsTask),Set(Atom(com.typesafe.sbt.less.SbtLess))), Clause(Atom(com.typesafe.sbt.jse.SbtJsTask),Set(Atom(com.typesafe.sbt.jshint.SbtJSHint))), Clause(Atom(com.typesafe.sbt.jse.SbtJsTask),Set(Atom(com.typesafe.sbt.rjs.SbtRjs))), Clause(Atom(com.typesafe.sbt.web.SbtWeb),Set(Atom(com.typesafe.sbt.digest.SbtDigest))), Clause(Atom(com.typesafe.sbt.jse.SbtJsTask),Set(Atom(com.typesafe.sbt.mocha.SbtMocha))), Clause(Atom(sbt.plugins.JvmPlugin),Set(Atom(com.typesafe.play.sbt.enhancer.PlayEnhancer)))))
  :: deduced result: Matched(sbt.plugins.CorePlugin,play.ebean.sbt.PlayEbean,play.sbt.PlayJava,com.typesafe.play.sbt.enhancer.PlayEnhancer,sbt.plugins.InteractionServicePlugin,sbt.plugins.SendEventServicePlugin,play.sbt.Play,sbt.plugins.SerializersPlugin,sbt.plugins.IvyPlugin,com.typesafe.sbt.packager.archetypes.JavaServerAppPackaging,play.twirl.sbt.SbtTwirl,sbt.plugins.JvmPlugin,play.sbt.PlayNettyServer,play.sbt.PlayLayoutPlugin,play.sbt.routes.RoutesCompiler,com.typesafe.sbt.jse.SbtJsTask,com.typesafe.sbt.jshint.SbtJSHint,com.typesafe.sbt.packager.archetypes.JavaAppPackaging,sbt.plugins.JUnitXmlReportPlugin,com.typesafe.sbt.mocha.SbtMocha,com.typesafe.sbt.less.SbtLess,com.typesafe.sbt.rjs.SbtRjs,com.typesafe.sbt.jse.SbtJsEngine,com.typesafe.sbt.coffeescript.SbtCoffeeScript,sbt.plugins.BackgroundRunPlugin,com.typesafe.sbt.packager.rpm.RpmPlugin,com.typesafe.sbt.packager.windows.WindowsPlugin,com.typesafe.sbt.web.SbtWeb,com.typesafe.sbt.packager.docker.DockerPlugin,play.sbt.forkrun.PlayForkRun,com.typesafe.sbt.packager.debian.DebianPlugin,com.typesafe.sbt.digest.SbtDigest,com.typesafe.sbt.packager.universal.UniversalPlugin,com.typesafe.sbt.packager.linux.LinuxPlugin,com.typesafe.sbt.SbtNativePackager)
sorting: ns: List(sbt.plugins.CorePlugin, play.ebean.sbt.PlayEbean, play.sbt.PlayJava, com.typesafe.play.sbt.enhancer.PlayEnhancer, sbt.plugins.InteractionServicePlugin, sbt.plugins.SendEventServicePlugin, play.sbt.Play, sbt.plugins.SerializersPlugin, sbt.plugins.IvyPlugin, com.typesafe.sbt.packager.archetypes.JavaServerAppPackaging, play.twirl.sbt.SbtTwirl, sbt.plugins.JvmPlugin, play.sbt.PlayNettyServer, play.sbt.PlayLayoutPlugin, play.sbt.routes.RoutesCompiler, com.typesafe.sbt.jse.SbtJsTask, com.typesafe.sbt.jshint.SbtJSHint, com.typesafe.sbt.packager.archetypes.JavaAppPackaging, sbt.plugins.JUnitXmlReportPlugin, com.typesafe.sbt.mocha.SbtMocha, com.typesafe.sbt.less.SbtLess, com.typesafe.sbt.rjs.SbtRjs, com.typesafe.sbt.jse.SbtJsEngine, com.typesafe.sbt.coffeescript.SbtCoffeeScript, sbt.plugins.BackgroundRunPlugin, com.typesafe.sbt.packager.rpm.RpmPlugin, com.typesafe.sbt.packager.windows.WindowsPlugin, com.typesafe.sbt.web.SbtWeb, com.typesafe.sbt.packager.docker.DockerPlugin, play.sbt.forkrun.PlayForkRun, com.typesafe.sbt.packager.debian.DebianPlugin, com.typesafe.sbt.digest.SbtDigest, com.typesafe.sbt.packager.universal.UniversalPlugin, com.typesafe.sbt.packager.linux.LinuxPlugin, com.typesafe.sbt.SbtNativePackager)
  :: sorting:: found: List(sbt.plugins.CorePlugin, com.typesafe.sbt.SbtNativePackager) not found List(play.ebean.sbt.PlayEbean, play.sbt.PlayJava, com.typesafe.play.sbt.enhancer.PlayEnhancer, sbt.plugins.InteractionServicePlugin, sbt.plugins.SendEventServicePlugin, play.sbt.Play, sbt.plugins.SerializersPlugin, sbt.plugins.IvyPlugin, com.typesafe.sbt.packager.archetypes.JavaServerAppPackaging, play.twirl.sbt.SbtTwirl, sbt.plugins.JvmPlugin, play.sbt.PlayNettyServer, play.sbt.PlayLayoutPlugin, play.sbt.routes.RoutesCompiler, com.typesafe.sbt.jse.SbtJsTask, com.typesafe.sbt.jshint.SbtJSHint, com.typesafe.sbt.packager.archetypes.JavaAppPackaging, sbt.plugins.JUnitXmlReportPlugin, com.typesafe.sbt.mocha.SbtMocha, com.typesafe.sbt.less.SbtLess, com.typesafe.sbt.rjs.SbtRjs, com.typesafe.sbt.jse.SbtJsEngine, com.typesafe.sbt.coffeescript.SbtCoffeeScript, sbt.plugins.BackgroundRunPlugin, com.typesafe.sbt.packager.rpm.RpmPlugin, com.typesafe.sbt.packager.windows.WindowsPlugin, com.typesafe.sbt.web.SbtWeb, com.typesafe.sbt.packager.docker.DockerPlugin, play.sbt.forkrun.PlayForkRun, com.typesafe.sbt.packager.debian.DebianPlugin, com.typesafe.sbt.digest.SbtDigest, com.typesafe.sbt.packager.universal.UniversalPlugin, com.typesafe.sbt.packager.linux.LinuxPlugin)
  :: sorting:: found: List(sbt.plugins.CorePlugin, com.typesafe.sbt.SbtNativePackager, sbt.plugins.InteractionServicePlugin, sbt.plugins.SendEventServicePlugin, sbt.plugins.SerializersPlugin, sbt.plugins.IvyPlugin, com.typesafe.sbt.packager.universal.UniversalPlugin) not found List(play.ebean.sbt.PlayEbean, play.sbt.PlayJava, com.typesafe.play.sbt.enhancer.PlayEnhancer, play.sbt.Play, com.typesafe.sbt.packager.archetypes.JavaServerAppPackaging, play.twirl.sbt.SbtTwirl, sbt.plugins.JvmPlugin, play.sbt.PlayNettyServer, play.sbt.PlayLayoutPlugin, play.sbt.routes.RoutesCompiler, com.typesafe.sbt.jse.SbtJsTask, com.typesafe.sbt.jshint.SbtJSHint, com.typesafe.sbt.packager.archetypes.JavaAppPackaging, sbt.plugins.JUnitXmlReportPlugin, com.typesafe.sbt.mocha.SbtMocha, com.typesafe.sbt.less.SbtLess, com.typesafe.sbt.rjs.SbtRjs, com.typesafe.sbt.jse.SbtJsEngine, com.typesafe.sbt.coffeescript.SbtCoffeeScript, sbt.plugins.BackgroundRunPlugin, com.typesafe.sbt.packager.rpm.RpmPlugin, com.typesafe.sbt.packager.windows.WindowsPlugin, com.typesafe.sbt.web.SbtWeb, com.typesafe.sbt.packager.docker.DockerPlugin, play.sbt.forkrun.PlayForkRun, com.typesafe.sbt.packager.debian.DebianPlugin, com.typesafe.sbt.digest.SbtDigest, com.typesafe.sbt.packager.linux.LinuxPlugin)
  :: sorting:: found: List(sbt.plugins.CorePlugin, com.typesafe.sbt.SbtNativePackager, sbt.plugins.InteractionServicePlugin, sbt.plugins.SendEventServicePlugin, sbt.plugins.SerializersPlugin, sbt.plugins.IvyPlugin, com.typesafe.sbt.packager.universal.UniversalPlugin, sbt.plugins.JvmPlugin, com.typesafe.sbt.packager.windows.WindowsPlugin, com.typesafe.sbt.packager.docker.DockerPlugin, com.typesafe.sbt.packager.linux.LinuxPlugin) not found List(play.ebean.sbt.PlayEbean, play.sbt.PlayJava, com.typesafe.play.sbt.enhancer.PlayEnhancer, play.sbt.Play, com.typesafe.sbt.packager.archetypes.JavaServerAppPackaging, play.twirl.sbt.SbtTwirl, play.sbt.PlayNettyServer, play.sbt.PlayLayoutPlugin, play.sbt.routes.RoutesCompiler, com.typesafe.sbt.jse.SbtJsTask, com.typesafe.sbt.jshint.SbtJSHint, com.typesafe.sbt.packager.archetypes.JavaAppPackaging, sbt.plugins.JUnitXmlReportPlugin, com.typesafe.sbt.mocha.SbtMocha, com.typesafe.sbt.less.SbtLess, com.typesafe.sbt.rjs.SbtRjs, com.typesafe.sbt.jse.SbtJsEngine, com.typesafe.sbt.coffeescript.SbtCoffeeScript, sbt.plugins.BackgroundRunPlugin, com.typesafe.sbt.packager.rpm.RpmPlugin, com.typesafe.sbt.web.SbtWeb, play.sbt.forkrun.PlayForkRun, com.typesafe.sbt.packager.debian.DebianPlugin, com.typesafe.sbt.digest.SbtDigest)
  :: sorting:: found: List(sbt.plugins.CorePlugin, com.typesafe.sbt.SbtNativePackager, sbt.plugins.InteractionServicePlugin, sbt.plugins.SendEventServicePlugin, sbt.plugins.SerializersPlugin, sbt.plugins.IvyPlugin, com.typesafe.sbt.packager.universal.UniversalPlugin, sbt.plugins.JvmPlugin, com.typesafe.sbt.packager.windows.WindowsPlugin, com.typesafe.sbt.packager.docker.DockerPlugin, com.typesafe.sbt.packager.linux.LinuxPlugin, com.typesafe.play.sbt.enhancer.PlayEnhancer, play.twirl.sbt.SbtTwirl, play.sbt.routes.RoutesCompiler, sbt.plugins.JUnitXmlReportPlugin, sbt.plugins.BackgroundRunPlugin, com.typesafe.sbt.packager.rpm.RpmPlugin, com.typesafe.sbt.web.SbtWeb, com.typesafe.sbt.packager.debian.DebianPlugin) not found List(play.ebean.sbt.PlayEbean, play.sbt.PlayJava, play.sbt.Play, com.typesafe.sbt.packager.archetypes.JavaServerAppPackaging, play.sbt.PlayNettyServer, play.sbt.PlayLayoutPlugin, com.typesafe.sbt.jse.SbtJsTask, com.typesafe.sbt.jshint.SbtJSHint, com.typesafe.sbt.packager.archetypes.JavaAppPackaging, com.typesafe.sbt.mocha.SbtMocha, com.typesafe.sbt.less.SbtLess, com.typesafe.sbt.rjs.SbtRjs, com.typesafe.sbt.jse.SbtJsEngine, com.typesafe.sbt.coffeescript.SbtCoffeeScript, play.sbt.forkrun.PlayForkRun, com.typesafe.sbt.digest.SbtDigest)
  :: sorting:: found: List(sbt.plugins.CorePlugin, com.typesafe.sbt.SbtNativePackager, sbt.plugins.InteractionServicePlugin, sbt.plugins.SendEventServicePlugin, sbt.plugins.SerializersPlugin, sbt.plugins.IvyPlugin, com.typesafe.sbt.packager.universal.UniversalPlugin, sbt.plugins.JvmPlugin, com.typesafe.sbt.packager.windows.WindowsPlugin, com.typesafe.sbt.packager.docker.DockerPlugin, com.typesafe.sbt.packager.linux.LinuxPlugin, com.typesafe.play.sbt.enhancer.PlayEnhancer, play.twirl.sbt.SbtTwirl, play.sbt.routes.RoutesCompiler, sbt.plugins.JUnitXmlReportPlugin, sbt.plugins.BackgroundRunPlugin, com.typesafe.sbt.packager.rpm.RpmPlugin, com.typesafe.sbt.web.SbtWeb, com.typesafe.sbt.packager.debian.DebianPlugin, play.ebean.sbt.PlayEbean, com.typesafe.sbt.packager.archetypes.JavaAppPackaging, com.typesafe.sbt.jse.SbtJsEngine, com.typesafe.sbt.digest.SbtDigest) not found List(play.sbt.PlayJava, play.sbt.Play, com.typesafe.sbt.packager.archetypes.JavaServerAppPackaging, play.sbt.PlayNettyServer, play.sbt.PlayLayoutPlugin, com.typesafe.sbt.jse.SbtJsTask, com.typesafe.sbt.jshint.SbtJSHint, com.typesafe.sbt.mocha.SbtMocha, com.typesafe.sbt.less.SbtLess, com.typesafe.sbt.rjs.SbtRjs, com.typesafe.sbt.coffeescript.SbtCoffeeScript, play.sbt.forkrun.PlayForkRun)
  :: sorting:: found: List(sbt.plugins.CorePlugin, com.typesafe.sbt.SbtNativePackager, sbt.plugins.InteractionServicePlugin, sbt.plugins.SendEventServicePlugin, sbt.plugins.SerializersPlugin, sbt.plugins.IvyPlugin, com.typesafe.sbt.packager.universal.UniversalPlugin, sbt.plugins.JvmPlugin, com.typesafe.sbt.packager.windows.WindowsPlugin, com.typesafe.sbt.packager.docker.DockerPlugin, com.typesafe.sbt.packager.linux.LinuxPlugin, com.typesafe.play.sbt.enhancer.PlayEnhancer, play.twirl.sbt.SbtTwirl, play.sbt.routes.RoutesCompiler, sbt.plugins.JUnitXmlReportPlugin, sbt.plugins.BackgroundRunPlugin, com.typesafe.sbt.packager.rpm.RpmPlugin, com.typesafe.sbt.web.SbtWeb, com.typesafe.sbt.packager.debian.DebianPlugin, play.ebean.sbt.PlayEbean, com.typesafe.sbt.packager.archetypes.JavaAppPackaging, com.typesafe.sbt.jse.SbtJsEngine, com.typesafe.sbt.digest.SbtDigest, com.typesafe.sbt.packager.archetypes.JavaServerAppPackaging, com.typesafe.sbt.jse.SbtJsTask) not found List(play.sbt.PlayJava, play.sbt.Play, play.sbt.PlayNettyServer, play.sbt.PlayLayoutPlugin, com.typesafe.sbt.jshint.SbtJSHint, com.typesafe.sbt.mocha.SbtMocha, com.typesafe.sbt.less.SbtLess, com.typesafe.sbt.rjs.SbtRjs, com.typesafe.sbt.coffeescript.SbtCoffeeScript, play.sbt.forkrun.PlayForkRun)
  :: sorting:: found: List(sbt.plugins.CorePlugin, com.typesafe.sbt.SbtNativePackager, sbt.plugins.InteractionServicePlugin, sbt.plugins.SendEventServicePlugin, sbt.plugins.SerializersPlugin, sbt.plugins.IvyPlugin, com.typesafe.sbt.packager.universal.UniversalPlugin, sbt.plugins.JvmPlugin, com.typesafe.sbt.packager.windows.WindowsPlugin, com.typesafe.sbt.packager.docker.DockerPlugin, com.typesafe.sbt.packager.linux.LinuxPlugin, com.typesafe.play.sbt.enhancer.PlayEnhancer, play.twirl.sbt.SbtTwirl, play.sbt.routes.RoutesCompiler, sbt.plugins.JUnitXmlReportPlugin, sbt.plugins.BackgroundRunPlugin, com.typesafe.sbt.packager.rpm.RpmPlugin, com.typesafe.sbt.web.SbtWeb, com.typesafe.sbt.packager.debian.DebianPlugin, play.ebean.sbt.PlayEbean, com.typesafe.sbt.packager.archetypes.JavaAppPackaging, com.typesafe.sbt.jse.SbtJsEngine, com.typesafe.sbt.digest.SbtDigest, com.typesafe.sbt.packager.archetypes.JavaServerAppPackaging, com.typesafe.sbt.jse.SbtJsTask, play.sbt.Play, com.typesafe.sbt.jshint.SbtJSHint, com.typesafe.sbt.mocha.SbtMocha, com.typesafe.sbt.less.SbtLess, com.typesafe.sbt.rjs.SbtRjs, com.typesafe.sbt.coffeescript.SbtCoffeeScript) not found List(play.sbt.PlayJava, play.sbt.PlayNettyServer, play.sbt.PlayLayoutPlugin, play.sbt.forkrun.PlayForkRun)
  :: sorting:: found: List(sbt.plugins.CorePlugin, com.typesafe.sbt.SbtNativePackager, sbt.plugins.InteractionServicePlugin, sbt.plugins.SendEventServicePlugin, sbt.plugins.SerializersPlugin, sbt.plugins.IvyPlugin, com.typesafe.sbt.packager.universal.UniversalPlugin, sbt.plugins.JvmPlugin, com.typesafe.sbt.packager.windows.WindowsPlugin, com.typesafe.sbt.packager.docker.DockerPlugin, com.typesafe.sbt.packager.linux.LinuxPlugin, com.typesafe.play.sbt.enhancer.PlayEnhancer, play.twirl.sbt.SbtTwirl, play.sbt.routes.RoutesCompiler, sbt.plugins.JUnitXmlReportPlugin, sbt.plugins.BackgroundRunPlugin, com.typesafe.sbt.packager.rpm.RpmPlugin, com.typesafe.sbt.web.SbtWeb, com.typesafe.sbt.packager.debian.DebianPlugin, play.ebean.sbt.PlayEbean, com.typesafe.sbt.packager.archetypes.JavaAppPackaging, com.typesafe.sbt.jse.SbtJsEngine, com.typesafe.sbt.digest.SbtDigest, com.typesafe.sbt.packager.archetypes.JavaServerAppPackaging, com.typesafe.sbt.jse.SbtJsTask, play.sbt.Play, com.typesafe.sbt.jshint.SbtJSHint, com.typesafe.sbt.mocha.SbtMocha, com.typesafe.sbt.less.SbtLess, com.typesafe.sbt.rjs.SbtRjs, com.typesafe.sbt.coffeescript.SbtCoffeeScript, play.sbt.PlayJava, play.sbt.PlayNettyServer, play.sbt.PlayLayoutPlugin, play.sbt.forkrun.PlayForkRun) not found List()
  :: sorted deduced result: List(sbt.plugins.CorePlugin, com.typesafe.sbt.SbtNativePackager, sbt.plugins.InteractionServicePlugin, sbt.plugins.SendEventServicePlugin, sbt.plugins.SerializersPlugin, sbt.plugins.IvyPlugin, com.typesafe.sbt.packager.universal.UniversalPlugin, sbt.plugins.JvmPlugin, com.typesafe.sbt.packager.windows.WindowsPlugin, com.typesafe.sbt.packager.docker.DockerPlugin, com.typesafe.sbt.packager.linux.LinuxPlugin, com.typesafe.play.sbt.enhancer.PlayEnhancer, play.twirl.sbt.SbtTwirl, play.sbt.routes.RoutesCompiler, sbt.plugins.JUnitXmlReportPlugin, sbt.plugins.BackgroundRunPlugin, com.typesafe.sbt.packager.rpm.RpmPlugin, com.typesafe.sbt.web.SbtWeb, com.typesafe.sbt.packager.debian.DebianPlugin, play.ebean.sbt.PlayEbean, com.typesafe.sbt.packager.archetypes.JavaAppPackaging, com.typesafe.sbt.jse.SbtJsEngine, com.typesafe.sbt.digest.SbtDigest, com.typesafe.sbt.packager.archetypes.JavaServerAppPackaging, com.typesafe.sbt.jse.SbtJsTask, play.sbt.Play, com.typesafe.sbt.jshint.SbtJSHint, com.typesafe.sbt.mocha.SbtMocha, com.typesafe.sbt.less.SbtLess, com.typesafe.sbt.rjs.SbtRjs, com.typesafe.sbt.coffeescript.SbtCoffeeScript, play.sbt.PlayJava, play.sbt.PlayNettyServer, play.sbt.PlayLayoutPlugin, play.sbt.forkrun.PlayForkRun)
[Loading] Done in /Users/Puffy/git/dajia/play-java, returning: (root)
Set current project to play-java (in build file:/Users/Puffy/git/dajia/play-java/)
Reapplying settings...
Set current project to play-java (in build file:/Users/Puffy/git/dajia/play-java/)
> iflast shell
> server-send-ready-for-request
> server-handle-next-server-request
> {file:/Users/Puffy/git/dajia/play-java/}root/compile:discoveredMainClasses
Evaluating tasks: compile:discoveredMainClasses
Running task... Cancel: sbt.server.ServerTaskCancellation@35779eed, check cycles: false

Initial source changes: 
	removed:Set()
	added: Set()
	modified: Set()
Removed products: Set()
External API changes: API Changes: Set()
Modified binary dependencies: Set()
Initial directly invalidated sources: Set()

Sources indirectly invalidated by:
	product: Set()
	binary dep: Set()
	external source: Set()
All initially invalidated sources: Set()

Total time: 1 s, completed Dec 4, 2015 12:40:01 AM
> server-post-command-cleanup
> server-handle-next-server-request
> {file:/Users/Puffy/git/dajia/play-java/}root/compile:mainClass
Evaluating tasks: compile:mainClass
Running task... Cancel: sbt.server.ServerTaskCancellation@38b3403, check cycles: false
Total time: 0 s, completed Dec 4, 2015 12:40:01 AM
> server-post-command-cleanup
> server-handle-next-server-request
> {file:/Users/Puffy/git/dajia/play-java/}root/compile:discoveredMainClasses
Evaluating tasks: compile:discoveredMainClasses
Running task... Cancel: sbt.server.ServerTaskCancellation@1132aeac, check cycles: false

Initial source changes: 
	removed:Set()
	added: Set()
	modified: Set()
Removed products: Set()
External API changes: API Changes: Set()
Modified binary dependencies: Set()
Initial directly invalidated sources: Set()

Sources indirectly invalidated by:
	product: Set()
	binary dep: Set()
	external source: Set()
All initially invalidated sources: Set()

Total time: 1 s, completed Dec 4, 2015 12:40:02 AM
> server-post-command-cleanup
> server-handle-next-server-request
> {file:/Users/Puffy/git/dajia/play-java/}root/compile:discoveredMainClasses
Evaluating tasks: compile:discoveredMainClasses
Running task... Cancel: sbt.server.ServerTaskCancellation@57c5b9e, check cycles: false

Initial source changes: 
	removed:Set()
	added: Set()
	modified: Set()
Removed products: Set()
External API changes: API Changes: Set()
Modified binary dependencies: Set()
Initial directly invalidated sources: Set()

Sources indirectly invalidated by:
	product: Set()
	binary dep: Set()
	external source: Set()
All initially invalidated sources: Set()

Total time: 1 s, completed Dec 4, 2015 12:40:02 AM
> server-post-command-cleanup
> server-handle-next-server-request
> {file:/Users/Puffy/git/dajia/play-java/}root/compile:mainClass
Evaluating tasks: compile:mainClass
Running task... Cancel: sbt.server.ServerTaskCancellation@67f9230a, check cycles: false
Total time: 0 s, completed Dec 4, 2015 12:40:02 AM
> server-post-command-cleanup
> server-handle-next-server-request
> backgroundRun
Evaluating tasks: compile:backgroundRun
Running task... Cancel: sbt.server.ServerTaskCancellation@7668ba1, check cycles: false
Total time: 0 s, completed Dec 4, 2015 12:41:45 AM
> server-post-command-cleanup
> server-handle-next-server-request
> {file:/Users/Puffy/git/dajia/play-java/}root/*:playForkConfig
Evaluating tasks: *:playForkConfig
Running task... Cancel: sbt.server.ServerTaskCancellation@38783e6b, check cycles: false
Total time: 0 s, completed Dec 4, 2015 12:41:48 AM
> server-post-command-cleanup
> server-handle-next-server-request
> root/playForkNotifyStart http://localhost:9000
Evaluating tasks: *:playForkNotifyStart
Running task... Cancel: sbt.server.ServerTaskCancellation@36311163, check cycles: false
Total time: 0 s, completed Dec 4, 2015 12:41:50 AM
> server-post-command-cleanup
> server-handle-next-server-request
> {file:/Users/Puffy/git/dajia/play-java/}root/*:playForkReload
Evaluating tasks: *:playForkReload
Running task... Cancel: sbt.server.ServerTaskCancellation@634120d6, check cycles: false

Initial source changes: 
	removed:Set()
	added: Set()
	modified: Set()
Removed products: Set()
External API changes: API Changes: Set()
Modified binary dependencies: Set()
Initial directly invalidated sources: Set()

Sources indirectly invalidated by:
	product: Set()
	binary dep: Set()
	external source: Set()
All initially invalidated sources: Set()

Copy resource mappings: 
	(/Users/Puffy/git/dajia/play-java/conf/application.conf,/Users/Puffy/git/dajia/play-java/target/scala-2.11/classes/application.conf)
	(/Users/Puffy/git/dajia/play-java/conf/evolutions,/Users/Puffy/git/dajia/play-java/target/scala-2.11/classes/evolutions)
	(/Users/Puffy/git/dajia/play-java/conf/logback.xml,/Users/Puffy/git/dajia/play-java/target/scala-2.11/classes/logback.xml)
	(/Users/Puffy/git/dajia/play-java/conf/routes,/Users/Puffy/git/dajia/play-java/target/scala-2.11/classes/routes)
	(/Users/Puffy/git/dajia/play-java/conf/evolutions/default,/Users/Puffy/git/dajia/play-java/target/scala-2.11/classes/evolutions/default)
	(/Users/Puffy/git/dajia/play-java/conf/evolutions/default/1.sql,/Users/Puffy/git/dajia/play-java/target/scala-2.11/classes/evolutions/default/1.sql)
Total time: 1 s, completed Dec 4, 2015 12:43:10 AM
> server-post-command-cleanup
> server-handle-next-server-request
> {file:/Users/Puffy/git/dajia/play-java/}root/*:playForkReload
Evaluating tasks: *:playForkReload
Running task... Cancel: sbt.server.ServerTaskCancellation@74c53bb4, check cycles: false

Initial source changes: 
	removed:Set()
	added: Set()
	modified: Set()
Removed products: Set()
External API changes: API Changes: Set()
Modified binary dependencies: Set()
Initial directly invalidated sources: Set()

Sources indirectly invalidated by:
	product: Set()
	binary dep: Set()
	external source: Set()
All initially invalidated sources: Set()

Copy resource mappings: 
	(/Users/Puffy/git/dajia/play-java/conf/application.conf,/Users/Puffy/git/dajia/play-java/target/scala-2.11/classes/application.conf)
	(/Users/Puffy/git/dajia/play-java/conf/evolutions,/Users/Puffy/git/dajia/play-java/target/scala-2.11/classes/evolutions)
	(/Users/Puffy/git/dajia/play-java/conf/logback.xml,/Users/Puffy/git/dajia/play-java/target/scala-2.11/classes/logback.xml)
	(/Users/Puffy/git/dajia/play-java/conf/routes,/Users/Puffy/git/dajia/play-java/target/scala-2.11/classes/routes)
	(/Users/Puffy/git/dajia/play-java/conf/evolutions/default,/Users/Puffy/git/dajia/play-java/target/scala-2.11/classes/evolutions/default)
	(/Users/Puffy/git/dajia/play-java/conf/evolutions/default/1.sql,/Users/Puffy/git/dajia/play-java/target/scala-2.11/classes/evolutions/default/1.sql)
Total time: 1 s, completed Dec 4, 2015 12:46:44 AM
> server-post-command-cleanup
> server-handle-next-server-request
> compile
Evaluating tasks: compile:compile
Running task... Cancel: sbt.server.ServerTaskCancellation@7bc493fa, check cycles: false

Initial source changes: 
	removed:Set()
	added: Set()
	modified: Set(/Users/Puffy/git/dajia/play-java/app/controllers/ProductController.java)
Removed products: Set()
External API changes: API Changes: Set()
Modified binary dependencies: Set()
Initial directly invalidated sources: Set(/Users/Puffy/git/dajia/play-java/app/controllers/ProductController.java)

Sources indirectly invalidated by:
	product: Set()
	binary dep: Set()
	external source: Set()
All initially invalidated sources: Set(/Users/Puffy/git/dajia/play-java/app/controllers/ProductController.java)

Read from stdout: Compiling 1 Java source to /Users/Puffy/git/dajia/play-java/target/scala-2.11/classes...
Compiling 1 Java source to /Users/Puffy/git/dajia/play-java/target/scala-2.11/classes...
Attempting to call com.sun.tools.javac.api.JavacTool@3eb47e22 directly...
Java compilation took 0.911358216 s
Java analysis took 0.193122343 s
Java compile + analysis took 1.113843569 s
New invalidations:
	Set()
Initial set of included nodes: Set()
Previously invalidated, but (transitively) depend on new invalidations:
	Set()
All newly invalidated sources after taking into account (previously) recompiled sources:Set()
Total time: 2 s, completed Dec 4, 2015 12:47:40 AM
> server-post-command-cleanup
> server-handle-next-server-request
> compile
Evaluating tasks: compile:compile
Running task... Cancel: sbt.server.ServerTaskCancellation@1631797e, check cycles: false

Initial source changes: 
	removed:Set()
	added: Set()
	modified: Set(/Users/Puffy/git/dajia/play-java/app/models/Product.java)
Removed products: Set()
External API changes: API Changes: Set()
Modified binary dependencies: Set()
Initial directly invalidated sources: Set(/Users/Puffy/git/dajia/play-java/app/models/Product.java)

Sources indirectly invalidated by:
	product: Set()
	binary dep: Set()
	external source: Set()
All initially invalidated sources: Set(/Users/Puffy/git/dajia/play-java/app/models/Product.java)

Read from stdout: Compiling 1 Java source to /Users/Puffy/git/dajia/play-java/target/scala-2.11/classes...
Compiling 1 Java source to /Users/Puffy/git/dajia/play-java/target/scala-2.11/classes...
Attempting to call com.sun.tools.javac.api.JavacTool@6a97dd9a directly...
Java compilation took 0.150263024 s
Java analysis took 0.081755568 s
Java compile + analysis took 0.239804369 s
Invalidating /Users/Puffy/git/dajia/play-java/app/models/Product.java...
Invalidating (transitively) by inheritance from /Users/Puffy/git/dajia/play-java/app/models/Product.java...
Initial set of included nodes: Set(/Users/Puffy/git/dajia/play-java/app/models/Product.java)
Invalidated by transitive inheritance dependency: Set(/Users/Puffy/git/dajia/play-java/app/models/Product.java)
The /Users/Puffy/git/dajia/play-java/app/models/Product.java source file has the following regular definitions changed:
	productImg, productImages, priceOff, vendorImg.
All member reference dependencies will be considered within this context.
Name hashing optimization doesn't apply to non-Scala dependency: /Users/Puffy/git/dajia/play-java/app/models/Product.java
Name hashing optimization doesn't apply to non-Scala dependency: /Users/Puffy/git/dajia/play-java/app/controllers/ProductController.java
Name hashing optimization doesn't apply to non-Scala dependency: /Users/Puffy/git/dajia/play-java/app/models/ProductImage.java
New invalidations:
	Set(/Users/Puffy/git/dajia/play-java/app/controllers/ProductController.java, /Users/Puffy/git/dajia/play-java/app/models/ProductImage.java)
Initial set of included nodes: Set(/Users/Puffy/git/dajia/play-java/app/controllers/ProductController.java, /Users/Puffy/git/dajia/play-java/app/models/ProductImage.java)
Including /Users/Puffy/git/dajia/play-java/target/scala-2.11/routes/main/router/Routes.scala by /Users/Puffy/git/dajia/play-java/app/controllers/ProductController.java
Previously invalidated, but (transitively) depend on new invalidations:
	Set()
All newly invalidated sources after taking into account (previously) recompiled sources:Set(/Users/Puffy/git/dajia/play-java/app/controllers/ProductController.java, /Users/Puffy/git/dajia/play-java/app/models/ProductImage.java)
Read from stdout: Compiling 2 Java sources to /Users/Puffy/git/dajia/play-java/target/scala-2.11/classes...
Compiling 2 Java sources to /Users/Puffy/git/dajia/play-java/target/scala-2.11/classes...
Attempting to call com.sun.tools.javac.api.JavacTool@6a97dd9a directly...
Java compilation took 0.147168406 s
Java analysis took 0.122926644 s
Java compile + analysis took 0.276232802 s
New invalidations:
	Set()
Initial set of included nodes: Set()
Previously invalidated, but (transitively) depend on new invalidations:
	Set()
All newly invalidated sources after taking into account (previously) recompiled sources:Set()
Total time: 1 s, completed Dec 4, 2015 12:49:04 AM
> server-post-command-cleanup
> server-handle-next-server-request
> compile
Evaluating tasks: compile:compile
Running task... Cancel: sbt.server.ServerTaskCancellation@45b2052c, check cycles: false

Initial source changes: 
	removed:Set()
	added: Set()
	modified: Set(/Users/Puffy/git/dajia/play-java/app/controllers/ProductController.java)
Removed products: Set()
External API changes: API Changes: Set()
Modified binary dependencies: Set()
Initial directly invalidated sources: Set(/Users/Puffy/git/dajia/play-java/app/controllers/ProductController.java)

Sources indirectly invalidated by:
	product: Set()
	binary dep: Set()
	external source: Set()
All initially invalidated sources: Set(/Users/Puffy/git/dajia/play-java/app/controllers/ProductController.java)

Read from stdout: Compiling 1 Java source to /Users/Puffy/git/dajia/play-java/target/scala-2.11/classes...
Compiling 1 Java source to /Users/Puffy/git/dajia/play-java/target/scala-2.11/classes...
Attempting to call com.sun.tools.javac.api.JavacTool@607dfc01 directly...
Read from stdout: /Users/Puffy/git/dajia/play-java/app/controllers/ProductController.java:25: 二元运算符 '-' 的操作数类型错误
Read from stdout: 第一个类型:  java.math.BigDecimal
Read from stdout: 第二个类型: java.math.BigDecimal
/Users/Puffy/git/dajia/play-java/app/controllers/ProductController.java:25: 二元运算符 '-' 的操作数类型错误
  第一个类型:  java.math.BigDecimal
  第二个类型: java.math.BigDecimal
Read from stdout: p.originalPrice - p.currentPrice
p.originalPrice - p.currentPrice
Read from stdout: (compile:compileIncremental) javac returned nonzero exit code
(compile:compileIncremental) javac returned nonzero exit code
Total time: 0 s, completed Dec 4, 2015 12:49:39 AM
> server-post-command-error-handler
> server-post-command-cleanup
> server-handle-next-server-request
> compile
Evaluating tasks: compile:compile
Running task... Cancel: sbt.server.ServerTaskCancellation@347897e9, check cycles: false

Initial source changes: 
	removed:Set()
	added: Set()
	modified: Set(/Users/Puffy/git/dajia/play-java/app/controllers/ProductController.java)
Removed products: Set()
External API changes: API Changes: Set()
Modified binary dependencies: Set()
Initial directly invalidated sources: Set(/Users/Puffy/git/dajia/play-java/app/controllers/ProductController.java)

Sources indirectly invalidated by:
	product: Set()
	binary dep: Set()
	external source: Set()
All initially invalidated sources: Set(/Users/Puffy/git/dajia/play-java/app/controllers/ProductController.java)

Read from stdout: Compiling 1 Java source to /Users/Puffy/git/dajia/play-java/target/scala-2.11/classes...
Compiling 1 Java source to /Users/Puffy/git/dajia/play-java/target/scala-2.11/classes...
Attempting to call com.sun.tools.javac.api.JavacTool@7377e5b3 directly...
Read from stdout: /Users/Puffy/git/dajia/play-java/app/controllers/ProductController.java:25: 二元运算符 '-' 的操作数类型错误
Read from stdout: 第一个类型:  java.math.BigDecimal
Read from stdout: 第二个类型: java.math.BigDecimal
/Users/Puffy/git/dajia/play-java/app/controllers/ProductController.java:25: 二元运算符 '-' 的操作数类型错误
  第一个类型:  java.math.BigDecimal
  第二个类型: java.math.BigDecimal
Read from stdout: p.originalPrice - p.currentPrice
p.originalPrice - p.currentPrice
Read from stdout: (compile:compileIncremental) javac returned nonzero exit code
(compile:compileIncremental) javac returned nonzero exit code
Total time: 1 s, completed Dec 4, 2015 12:52:43 AM
> server-post-command-error-handler
> server-post-command-cleanup
> server-handle-next-server-request
> {file:/Users/Puffy/git/dajia/play-java/}root/*:playForkReload
Evaluating tasks: *:playForkReload
Running task... Cancel: sbt.server.ServerTaskCancellation@49742bca, check cycles: false

Initial source changes: 
	removed:Set()
	added: Set()
	modified: Set(/Users/Puffy/git/dajia/play-java/app/controllers/ProductController.java)
Removed products: Set()
External API changes: API Changes: Set()
Modified binary dependencies: Set()
Initial directly invalidated sources: Set(/Users/Puffy/git/dajia/play-java/app/controllers/ProductController.java)

Sources indirectly invalidated by:
	product: Set()
	binary dep: Set()
	external source: Set()
All initially invalidated sources: Set(/Users/Puffy/git/dajia/play-java/app/controllers/ProductController.java)

Read from stdout: Compiling 1 Java source to /Users/Puffy/git/dajia/play-java/target/scala-2.11/classes...
Compiling 1 Java source to /Users/Puffy/git/dajia/play-java/target/scala-2.11/classes...
Attempting to call com.sun.tools.javac.api.JavacTool@1dbd8a61 directly...
Read from stdout: /Users/Puffy/git/dajia/play-java/app/controllers/ProductController.java:25: 二元运算符 '-' 的操作数类型错误
Read from stdout: 第一个类型:  java.math.BigDecimal
Read from stdout: 第二个类型: java.math.BigDecimal
/Users/Puffy/git/dajia/play-java/app/controllers/ProductController.java:25: 二元运算符 '-' 的操作数类型错误
  第一个类型:  java.math.BigDecimal
  第二个类型: java.math.BigDecimal
Read from stdout: p.originalPrice - p.currentPrice
p.originalPrice - p.currentPrice
Total time: 1 s, completed Dec 5, 2015 12:10:44 PM
> server-post-command-cleanup
> server-handle-next-server-request
> compile
Evaluating tasks: compile:compile
Running task... Cancel: sbt.server.ServerTaskCancellation@57ece7aa, check cycles: false

Initial source changes: 
	removed:Set()
	added: Set()
	modified: Set(/Users/Puffy/git/dajia/play-java/app/controllers/ProductController.java)
Removed products: Set()
External API changes: API Changes: Set()
Modified binary dependencies: Set()
Initial directly invalidated sources: Set(/Users/Puffy/git/dajia/play-java/app/controllers/ProductController.java)

Sources indirectly invalidated by:
	product: Set()
	binary dep: Set()
	external source: Set()
All initially invalidated sources: Set(/Users/Puffy/git/dajia/play-java/app/controllers/ProductController.java)

Read from stdout: Compiling 1 Java source to /Users/Puffy/git/dajia/play-java/target/scala-2.11/classes...
Compiling 1 Java source to /Users/Puffy/git/dajia/play-java/target/scala-2.11/classes...
Attempting to call com.sun.tools.javac.api.JavacTool@dc3b2e directly...
Read from stdout: /Users/Puffy/git/dajia/play-java/app/controllers/ProductController.java:26: 二元运算符 '-' 的操作数类型错误
Read from stdout: 第一个类型:  java.math.BigDecimal
Read from stdout: 第二个类型: java.math.BigDecimal
/Users/Puffy/git/dajia/play-java/app/controllers/ProductController.java:26: 二元运算符 '-' 的操作数类型错误
  第一个类型:  java.math.BigDecimal
  第二个类型: java.math.BigDecimal
Read from stdout: p.originalPrice - p.currentPrice
p.originalPrice - p.currentPrice
Read from stdout: (compile:compileIncremental) javac returned nonzero exit code
(compile:compileIncremental) javac returned nonzero exit code
Total time: 1 s, completed Dec 5, 2015 2:54:57 PM
> server-post-command-error-handler
> server-post-command-cleanup
> server-handle-next-server-request
> compile
Evaluating tasks: compile:compile
Running task... Cancel: sbt.server.ServerTaskCancellation@587ec721, check cycles: false

Initial source changes: 
	removed:Set()
	added: Set()
	modified: Set(/Users/Puffy/git/dajia/play-java/app/controllers/ProductController.java)
Removed products: Set()
External API changes: API Changes: Set()
Modified binary dependencies: Set()
Initial directly invalidated sources: Set(/Users/Puffy/git/dajia/play-java/app/controllers/ProductController.java)

Sources indirectly invalidated by:
	product: Set()
	binary dep: Set()
	external source: Set()
All initially invalidated sources: Set(/Users/Puffy/git/dajia/play-java/app/controllers/ProductController.java)

Read from stdout: Compiling 1 Java source to /Users/Puffy/git/dajia/play-java/target/scala-2.11/classes...
Compiling 1 Java source to /Users/Puffy/git/dajia/play-java/target/scala-2.11/classes...
Attempting to call com.sun.tools.javac.api.JavacTool@28060252 directly...
Read from stdout: /Users/Puffy/git/dajia/play-java/app/controllers/ProductController.java:25: 二元运算符 '-' 的操作数类型错误
Read from stdout: 第一个类型:  java.math.BigDecimal
Read from stdout: 第二个类型: java.math.BigDecimal
/Users/Puffy/git/dajia/play-java/app/controllers/ProductController.java:25: 二元运算符 '-' 的操作数类型错误
  第一个类型:  java.math.BigDecimal
  第二个类型: java.math.BigDecimal
Read from stdout: p.originalPrice - p.currentPrice
p.originalPrice - p.currentPrice
Read from stdout: (compile:compileIncremental) javac returned nonzero exit code
(compile:compileIncremental) javac returned nonzero exit code
Total time: 1 s, completed Dec 5, 2015 2:58:26 PM
> server-post-command-error-handler
> server-post-command-cleanup
> server-handle-next-server-request
> compile
Evaluating tasks: compile:compile
Running task... Cancel: sbt.server.ServerTaskCancellation@43f28688, check cycles: false

Initial source changes: 
	removed:Set()
	added: Set()
	modified: Set(/Users/Puffy/git/dajia/play-java/app/controllers/ProductController.java)
Removed products: Set()
External API changes: API Changes: Set()
Modified binary dependencies: Set()
Initial directly invalidated sources: Set(/Users/Puffy/git/dajia/play-java/app/controllers/ProductController.java)

Sources indirectly invalidated by:
	product: Set()
	binary dep: Set()
	external source: Set()
All initially invalidated sources: Set(/Users/Puffy/git/dajia/play-java/app/controllers/ProductController.java)

Read from stdout: Compiling 1 Java source to /Users/Puffy/git/dajia/play-java/target/scala-2.11/classes...
Compiling 1 Java source to /Users/Puffy/git/dajia/play-java/target/scala-2.11/classes...
Attempting to call com.sun.tools.javac.api.JavacTool@78bb86fd directly...
Java compilation took 0.088976289 s
Java analysis took 0.13986929 s
Java compile + analysis took 0.235547408 s
New invalidations:
	Set()
Initial set of included nodes: Set()
Previously invalidated, but (transitively) depend on new invalidations:
	Set()
All newly invalidated sources after taking into account (previously) recompiled sources:Set()
Total time: 1 s, completed Dec 5, 2015 3:00:16 PM
> server-post-command-cleanup
> server-handle-next-server-request
> compile
Evaluating tasks: compile:compile
Running task... Cancel: sbt.server.ServerTaskCancellation@1144eb59, check cycles: false

Initial source changes: 
	removed:Set()
	added: Set()
	modified: Set()
Removed products: Set()
External API changes: API Changes: Set()
Modified binary dependencies: Set()
Initial directly invalidated sources: Set()

Sources indirectly invalidated by:
	product: Set()
	binary dep: Set()
	external source: Set()
All initially invalidated sources: Set()

Total time: 1 s, completed Dec 5, 2015 3:00:45 PM
> server-post-command-cleanup
> server-handle-next-server-request
> compile
Evaluating tasks: compile:compile
Running task... Cancel: sbt.server.ServerTaskCancellation@4a694a6e, check cycles: false

Initial source changes: 
	removed:Set()
	added: Set()
	modified: Set()
Removed products: Set()
External API changes: API Changes: Set()
Modified binary dependencies: Set()
Initial directly invalidated sources: Set()

Sources indirectly invalidated by:
	product: Set()
	binary dep: Set()
	external source: Set()
All initially invalidated sources: Set()

Total time: 0 s, completed Dec 5, 2015 3:00:51 PM
> server-post-command-cleanup
> server-handle-next-server-request
> jobStop 1
Evaluating tasks: *:jobStop
Running task... Cancel: sbt.server.ServerTaskCancellation@3327e217, check cycles: false
Total time: 0 s, completed Dec 5, 2015 3:00:55 PM
> server-post-command-cleanup
> server-handle-next-server-request
> backgroundRun
Evaluating tasks: compile:backgroundRun
Running task... Cancel: sbt.server.ServerTaskCancellation@44adc992, check cycles: false
Total time: 0 s, completed Dec 5, 2015 3:01:04 PM
> server-post-command-cleanup
> server-handle-next-server-request
> {file:/Users/Puffy/git/dajia/play-java/}root/*:playForkConfig
Evaluating tasks: *:playForkConfig
Running task... Cancel: sbt.server.ServerTaskCancellation@1a128dd5, check cycles: false
Total time: 0 s, completed Dec 5, 2015 3:01:07 PM
> server-post-command-cleanup
> server-handle-next-server-request
> root/playForkNotifyStart http://localhost:9000
Evaluating tasks: *:playForkNotifyStart
Running task... Cancel: sbt.server.ServerTaskCancellation@6977b18e, check cycles: false
Total time: 0 s, completed Dec 5, 2015 3:01:09 PM
> server-post-command-cleanup
> server-handle-next-server-request
> {file:/Users/Puffy/git/dajia/play-java/}root/*:playForkReload
Evaluating tasks: *:playForkReload
Running task... Cancel: sbt.server.ServerTaskCancellation@4d6a97e, check cycles: false

Initial source changes: 
	removed:Set()
	added: Set()
	modified: Set()
Removed products: Set()
External API changes: API Changes: Set()
Modified binary dependencies: Set()
Initial directly invalidated sources: Set()

Sources indirectly invalidated by:
	product: Set()
	binary dep: Set()
	external source: Set()
All initially invalidated sources: Set()

Copy resource mappings: 
	(/Users/Puffy/git/dajia/play-java/conf/application.conf,/Users/Puffy/git/dajia/play-java/target/scala-2.11/classes/application.conf)
	(/Users/Puffy/git/dajia/play-java/conf/evolutions,/Users/Puffy/git/dajia/play-java/target/scala-2.11/classes/evolutions)
	(/Users/Puffy/git/dajia/play-java/conf/logback.xml,/Users/Puffy/git/dajia/play-java/target/scala-2.11/classes/logback.xml)
	(/Users/Puffy/git/dajia/play-java/conf/routes,/Users/Puffy/git/dajia/play-java/target/scala-2.11/classes/routes)
	(/Users/Puffy/git/dajia/play-java/conf/evolutions/default,/Users/Puffy/git/dajia/play-java/target/scala-2.11/classes/evolutions/default)
	(/Users/Puffy/git/dajia/play-java/conf/evolutions/default/1.sql,/Users/Puffy/git/dajia/play-java/target/scala-2.11/classes/evolutions/default/1.sql)
Total time: 1 s, completed Dec 5, 2015 3:01:19 PM
> server-post-command-cleanup
> server-handle-next-server-request
> compile
Evaluating tasks: compile:compile
Running task... Cancel: sbt.server.ServerTaskCancellation@a175fd9, check cycles: false

Initial source changes: 
	removed:Set()
	added: Set()
	modified: Set(/Users/Puffy/git/dajia/play-java/app/controllers/ProductController.java)
Removed products: Set()
External API changes: API Changes: Set()
Modified binary dependencies: Set()
Initial directly invalidated sources: Set(/Users/Puffy/git/dajia/play-java/app/controllers/ProductController.java)

Sources indirectly invalidated by:
	product: Set()
	binary dep: Set()
	external source: Set()
All initially invalidated sources: Set(/Users/Puffy/git/dajia/play-java/app/controllers/ProductController.java)

Read from stdout: Compiling 1 Java source to /Users/Puffy/git/dajia/play-java/target/scala-2.11/classes...
Compiling 1 Java source to /Users/Puffy/git/dajia/play-java/target/scala-2.11/classes...
Attempting to call com.sun.tools.javac.api.JavacTool@5b2cea8d directly...
Read from stdout: /Users/Puffy/git/dajia/play-java/app/controllers/ProductController.java:27: 找不到符号
Read from stdout: 符号:   方法 equal(java.lang.String,int)
Read from stdout: 位置: 接口 com.avaje.ebean.ExpressionList<models.ProductImage>
/Users/Puffy/git/dajia/play-java/app/controllers/ProductController.java:27: 找不到符号
  符号:   方法 equal(java.lang.String,int)
  位置: 接口 com.avaje.ebean.ExpressionList<models.ProductImage>
Read from stdout: ProductImage.find.where()
Read from stdout: .equal
ProductImage.find.where()
            .equal
Read from stdout: /Users/Puffy/git/dajia/play-java/app/controllers/ProductController.java:30: 找不到符号
Read from stdout: 符号:   方法 equal(java.lang.String,int)
Read from stdout: 位置: 接口 com.avaje.ebean.ExpressionList<models.ProductImage>
/Users/Puffy/git/dajia/play-java/app/controllers/ProductController.java:30: 找不到符号
  符号:   方法 equal(java.lang.String,int)
  位置: 接口 com.avaje.ebean.ExpressionList<models.ProductImage>
Read from stdout: ProductImage.find.where()
Read from stdout: .equal
ProductImage.find.where()
            .equal
Read from stdout: (compile:compileIncremental) javac returned nonzero exit code
(compile:compileIncremental) javac returned nonzero exit code
Total time: 1 s, completed Dec 5, 2015 3:23:52 PM
> server-post-command-error-handler
> server-post-command-cleanup
> server-handle-next-server-request
> compile
Evaluating tasks: compile:compile
Running task... Cancel: sbt.server.ServerTaskCancellation@7c6b0bf1, check cycles: false

Initial source changes: 
	removed:Set()
	added: Set()
	modified: Set(/Users/Puffy/git/dajia/play-java/app/controllers/ProductController.java)
Removed products: Set()
External API changes: API Changes: Set()
Modified binary dependencies: Set()
Initial directly invalidated sources: Set(/Users/Puffy/git/dajia/play-java/app/controllers/ProductController.java)

Sources indirectly invalidated by:
	product: Set()
	binary dep: Set()
	external source: Set()
All initially invalidated sources: Set(/Users/Puffy/git/dajia/play-java/app/controllers/ProductController.java)

Read from stdout: Compiling 1 Java source to /Users/Puffy/git/dajia/play-java/target/scala-2.11/classes...
Compiling 1 Java source to /Users/Puffy/git/dajia/play-java/target/scala-2.11/classes...
Attempting to call com.sun.tools.javac.api.JavacTool@356689ce directly...
Read from stdout: /Users/Puffy/git/dajia/play-java/app/controllers/ProductController.java:27: 无法将类 java.lang.Object中的方法 equals应用到给定类型;
Read from stdout: 需要: java.lang.Object
Read from stdout: 找到: java.lang.String,int
Read from stdout: 原因: 实际参数列表和形式参数列表长度不同
/Users/Puffy/git/dajia/play-java/app/controllers/ProductController.java:27: 无法将类 java.lang.Object中的方法 equals应用到给定类型;
  需要: java.lang.Object
  找到: java.lang.String,int
  原因: 实际参数列表和形式参数列表长度不同
Read from stdout: ProductImage.find.where()
Read from stdout: .equals
ProductImage.find.where()
            .equals
Read from stdout: /Users/Puffy/git/dajia/play-java/app/controllers/ProductController.java:30: 无法将类 java.lang.Object中的方法 equals应用到给定类型;
Read from stdout: 需要: java.lang.Object
Read from stdout: 找到: java.lang.String,int
Read from stdout: 原因: 实际参数列表和形式参数列表长度不同
/Users/Puffy/git/dajia/play-java/app/controllers/ProductController.java:30: 无法将类 java.lang.Object中的方法 equals应用到给定类型;
  需要: java.lang.Object
  找到: java.lang.String,int
  原因: 实际参数列表和形式参数列表长度不同
Read from stdout: ProductImage.find.where()
Read from stdout: .equals
ProductImage.find.where()
            .equals
Read from stdout: (compile:compileIncremental) javac returned nonzero exit code
(compile:compileIncremental) javac returned nonzero exit code
Total time: 1 s, completed Dec 5, 2015 3:24:00 PM
> server-post-command-error-handler
> server-post-command-cleanup
> server-handle-next-server-request
> compile
Evaluating tasks: compile:compile
Running task... Cancel: sbt.server.ServerTaskCancellation@51756bf7, check cycles: false

Initial source changes: 
	removed:Set()
	added: Set()
	modified: Set(/Users/Puffy/git/dajia/play-java/app/controllers/ProductController.java)
Removed products: Set()
External API changes: API Changes: Set()
Modified binary dependencies: Set()
Initial directly invalidated sources: Set(/Users/Puffy/git/dajia/play-java/app/controllers/ProductController.java)

Sources indirectly invalidated by:
	product: Set()
	binary dep: Set()
	external source: Set()
All initially invalidated sources: Set(/Users/Puffy/git/dajia/play-java/app/controllers/ProductController.java)

Read from stdout: Compiling 1 Java source to /Users/Puffy/git/dajia/play-java/target/scala-2.11/classes...
Compiling 1 Java source to /Users/Puffy/git/dajia/play-java/target/scala-2.11/classes...
Attempting to call com.sun.tools.javac.api.JavacTool@202b531e directly...
Read from stdout: /Users/Puffy/git/dajia/play-java/app/controllers/ProductController.java:26: 找不到符号
Read from stdout: 符号:   方法 select(java.lang.String)
Read from stdout: 位置: 类 models.ProductImage
/Users/Puffy/git/dajia/play-java/app/controllers/ProductController.java:26: 找不到符号
  符号:   方法 select(java.lang.String)
  位置: 类 models.ProductImage
Read from stdout: ProductImage.select
ProductImage.select
Read from stdout: /Users/Puffy/git/dajia/play-java/app/controllers/ProductController.java:29: 找不到符号
Read from stdout: 符号:   方法 select(java.lang.String)
Read from stdout: 位置: 类 models.ProductImage
/Users/Puffy/git/dajia/play-java/app/controllers/ProductController.java:29: 找不到符号
  符号:   方法 select(java.lang.String)
  位置: 类 models.ProductImage
Read from stdout: ProductImage.select
ProductImage.select
Read from stdout: (compile:compileIncremental) javac returned nonzero exit code
(compile:compileIncremental) javac returned nonzero exit code
Total time: 1 s, completed Dec 5, 2015 3:26:17 PM
> server-post-command-error-handler
> server-post-command-cleanup
> server-handle-next-server-request
> compile
Evaluating tasks: compile:compile
Running task... Cancel: sbt.server.ServerTaskCancellation@26ea3fd6, check cycles: false

Initial source changes: 
	removed:Set()
	added: Set()
	modified: Set(/Users/Puffy/git/dajia/play-java/app/controllers/ProductController.java)
Removed products: Set()
External API changes: API Changes: Set()
Modified binary dependencies: Set()
Initial directly invalidated sources: Set(/Users/Puffy/git/dajia/play-java/app/controllers/ProductController.java)

Sources indirectly invalidated by:
	product: Set()
	binary dep: Set()
	external source: Set()
All initially invalidated sources: Set(/Users/Puffy/git/dajia/play-java/app/controllers/ProductController.java)

Read from stdout: Compiling 1 Java source to /Users/Puffy/git/dajia/play-java/target/scala-2.11/classes...
Compiling 1 Java source to /Users/Puffy/git/dajia/play-java/target/scala-2.11/classes...
Attempting to call com.sun.tools.javac.api.JavacTool@6ca74b9e directly...
Read from stdout: /Users/Puffy/git/dajia/play-java/app/controllers/ProductController.java:26: 找不到符号
Read from stdout: 符号:   方法 select(java.lang.String)
Read from stdout: 位置: 类 models.ProductImage
/Users/Puffy/git/dajia/play-java/app/controllers/ProductController.java:26: 找不到符号
  符号:   方法 select(java.lang.String)
  位置: 类 models.ProductImage
Read from stdout: ProductImage.select
ProductImage.select
Read from stdout: /Users/Puffy/git/dajia/play-java/app/controllers/ProductController.java:29: 找不到符号
Read from stdout: 符号:   方法 select(java.lang.String)
Read from stdout: 位置: 类 models.ProductImage
/Users/Puffy/git/dajia/play-java/app/controllers/ProductController.java:29: 找不到符号
  符号:   方法 select(java.lang.String)
  位置: 类 models.ProductImage
Read from stdout: ProductImage.select
ProductImage.select
Read from stdout: (compile:compileIncremental) javac returned nonzero exit code
(compile:compileIncremental) javac returned nonzero exit code
Total time: 1 s, completed Dec 5, 2015 3:26:25 PM
> server-post-command-error-handler
> server-post-command-cleanup
> server-handle-next-server-request
> compile
Evaluating tasks: compile:compile
Running task... Cancel: sbt.server.ServerTaskCancellation@233fcebd, check cycles: false

Initial source changes: 
	removed:Set()
	added: Set()
	modified: Set(/Users/Puffy/git/dajia/play-java/app/controllers/ProductController.java)
Removed products: Set()
External API changes: API Changes: Set()
Modified binary dependencies: Set()
Initial directly invalidated sources: Set(/Users/Puffy/git/dajia/play-java/app/controllers/ProductController.java)

Sources indirectly invalidated by:
	product: Set()
	binary dep: Set()
	external source: Set()
All initially invalidated sources: Set(/Users/Puffy/git/dajia/play-java/app/controllers/ProductController.java)

Read from stdout: Compiling 1 Java source to /Users/Puffy/git/dajia/play-java/target/scala-2.11/classes...
Compiling 1 Java source to /Users/Puffy/git/dajia/play-java/target/scala-2.11/classes...
Attempting to call com.sun.tools.javac.api.JavacTool@7afee1b4 directly...
Read from stdout: /Users/Puffy/git/dajia/play-java/app/controllers/ProductController.java:28: 找不到符号
Read from stdout: 符号:   方法 getList()
Read from stdout: 位置: 接口 com.avaje.ebean.ExpressionList<models.ProductImage>
/Users/Puffy/git/dajia/play-java/app/controllers/ProductController.java:28: 找不到符号
  符号:   方法 getList()
  位置: 接口 com.avaje.ebean.ExpressionList<models.ProductImage>
Read from stdout: ProductImage.find.select("path").where()
Read from stdout: .eq("imgType", 1)
Read from stdout: .getList
ProductImage.find.select("path").where()
            .eq("imgType", 1)
            .getList
Read from stdout: /Users/Puffy/git/dajia/play-java/app/controllers/ProductController.java:31: 找不到符号
Read from stdout: 符号:   方法 getList()
Read from stdout: 位置: 接口 com.avaje.ebean.ExpressionList<models.ProductImage>
/Users/Puffy/git/dajia/play-java/app/controllers/ProductController.java:31: 找不到符号
  符号:   方法 getList()
  位置: 接口 com.avaje.ebean.ExpressionList<models.ProductImage>
Read from stdout: ProductImage.find.select("path").where()
Read from stdout: .eq("imgType", 2)
Read from stdout: .getList
ProductImage.find.select("path").where()
            .eq("imgType", 2)
            .getList
Read from stdout: (compile:compileIncremental) javac returned nonzero exit code
(compile:compileIncremental) javac returned nonzero exit code
Total time: 1 s, completed Dec 5, 2015 3:26:53 PM
> server-post-command-error-handler
> server-post-command-cleanup
> server-handle-next-server-request
> compile
Evaluating tasks: compile:compile
Running task... Cancel: sbt.server.ServerTaskCancellation@568724cb, check cycles: false

Initial source changes: 
	removed:Set()
	added: Set()
	modified: Set(/Users/Puffy/git/dajia/play-java/app/controllers/ProductController.java)
Removed products: Set()
External API changes: API Changes: Set()
Modified binary dependencies: Set()
Initial directly invalidated sources: Set(/Users/Puffy/git/dajia/play-java/app/controllers/ProductController.java)

Sources indirectly invalidated by:
	product: Set()
	binary dep: Set()
	external source: Set()
All initially invalidated sources: Set(/Users/Puffy/git/dajia/play-java/app/controllers/ProductController.java)

Read from stdout: Compiling 1 Java source to /Users/Puffy/git/dajia/play-java/target/scala-2.11/classes...
Compiling 1 Java source to /Users/Puffy/git/dajia/play-java/target/scala-2.11/classes...
Attempting to call com.sun.tools.javac.api.JavacTool@5ac7b221 directly...
Read from stdout: /Users/Puffy/git/dajia/play-java/app/controllers/ProductController.java:31: 找不到符号
Read from stdout: 符号:   方法 getList()
Read from stdout: 位置: 接口 com.avaje.ebean.ExpressionList<models.ProductImage>
/Users/Puffy/git/dajia/play-java/app/controllers/ProductController.java:31: 找不到符号
  符号:   方法 getList()
  位置: 接口 com.avaje.ebean.ExpressionList<models.ProductImage>
Read from stdout: ProductImage.find.select("path").where()
Read from stdout: .eq("imgType", 2)
Read from stdout: .getList
ProductImage.find.select("path").where()
            .eq("imgType", 2)
            .getList
Read from stdout: (compile:compileIncremental) javac returned nonzero exit code
(compile:compileIncremental) javac returned nonzero exit code
Total time: 1 s, completed Dec 5, 2015 3:27:20 PM
> server-post-command-error-handler
> server-post-command-cleanup
> server-handle-next-server-request
> compile
Evaluating tasks: compile:compile
Running task... Cancel: sbt.server.ServerTaskCancellation@6f722ac7, check cycles: false

Initial source changes: 
	removed:Set()
	added: Set()
	modified: Set(/Users/Puffy/git/dajia/play-java/app/controllers/ProductController.java)
Removed products: Set()
External API changes: API Changes: Set()
Modified binary dependencies: Set()
Initial directly invalidated sources: Set(/Users/Puffy/git/dajia/play-java/app/controllers/ProductController.java)

Sources indirectly invalidated by:
	product: Set()
	binary dep: Set()
	external source: Set()
All initially invalidated sources: Set(/Users/Puffy/git/dajia/play-java/app/controllers/ProductController.java)

Read from stdout: Compiling 1 Java source to /Users/Puffy/git/dajia/play-java/target/scala-2.11/classes...
Compiling 1 Java source to /Users/Puffy/git/dajia/play-java/target/scala-2.11/classes...
Attempting to call com.sun.tools.javac.api.JavacTool@a9e0d48 directly...
Java compilation took 0.085636214 s
Java analysis took 0.09969864 s
Java compile + analysis took 0.190776532 s
New invalidations:
	Set()
Initial set of included nodes: Set()
Previously invalidated, but (transitively) depend on new invalidations:
	Set()
All newly invalidated sources after taking into account (previously) recompiled sources:Set()
Total time: 1 s, completed Dec 5, 2015 3:27:25 PM
> server-post-command-cleanup
> server-handle-next-server-request
> compile
Evaluating tasks: compile:compile
Running task... Cancel: sbt.server.ServerTaskCancellation@68e78a30, check cycles: false

Initial source changes: 
	removed:Set()
	added: Set()
	modified: Set()
Removed products: Set()
External API changes: API Changes: Set()
Modified binary dependencies: Set()
Initial directly invalidated sources: Set()

Sources indirectly invalidated by:
	product: Set()
	binary dep: Set()
	external source: Set()
All initially invalidated sources: Set()

Total time: 0 s, completed Dec 5, 2015 3:27:26 PM
> server-post-command-cleanup
> server-handle-next-server-request
> compile
Evaluating tasks: compile:compile
Running task... Cancel: sbt.server.ServerTaskCancellation@52c257a0, check cycles: false

Initial source changes: 
	removed:Set()
	added: Set()
	modified: Set()
Removed products: Set()
External API changes: API Changes: Set()
Modified binary dependencies: Set()
Initial directly invalidated sources: Set()

Sources indirectly invalidated by:
	product: Set()
	binary dep: Set()
	external source: Set()
All initially invalidated sources: Set()

Total time: 0 s, completed Dec 5, 2015 3:27:32 PM
> server-post-command-cleanup
> server-handle-next-server-request
> {file:/Users/Puffy/git/dajia/play-java/}root/*:playForkReload
Evaluating tasks: *:playForkReload
Running task... Cancel: sbt.server.ServerTaskCancellation@271dd2de, check cycles: false

Initial source changes: 
	removed:Set()
	added: Set()
	modified: Set()
Removed products: Set()
External API changes: API Changes: Set()
Modified binary dependencies: Set()
Initial directly invalidated sources: Set()

Sources indirectly invalidated by:
	product: Set()
	binary dep: Set()
	external source: Set()
All initially invalidated sources: Set()

Copy resource mappings: 
	(/Users/Puffy/git/dajia/play-java/conf/application.conf,/Users/Puffy/git/dajia/play-java/target/scala-2.11/classes/application.conf)
	(/Users/Puffy/git/dajia/play-java/conf/evolutions,/Users/Puffy/git/dajia/play-java/target/scala-2.11/classes/evolutions)
	(/Users/Puffy/git/dajia/play-java/conf/logback.xml,/Users/Puffy/git/dajia/play-java/target/scala-2.11/classes/logback.xml)
	(/Users/Puffy/git/dajia/play-java/conf/routes,/Users/Puffy/git/dajia/play-java/target/scala-2.11/classes/routes)
	(/Users/Puffy/git/dajia/play-java/conf/evolutions/default,/Users/Puffy/git/dajia/play-java/target/scala-2.11/classes/evolutions/default)
	(/Users/Puffy/git/dajia/play-java/conf/evolutions/default/1.sql,/Users/Puffy/git/dajia/play-java/target/scala-2.11/classes/evolutions/default/1.sql)
Total time: 1 s, completed Dec 5, 2015 3:27:40 PM
> server-post-command-cleanup
> server-handle-next-server-request
> jobStop 2
Evaluating tasks: *:jobStop
Running task... Cancel: sbt.server.ServerTaskCancellation@684b06fc, check cycles: false
Total time: 0 s, completed Dec 5, 2015 3:28:42 PM
> server-post-command-cleanup
> server-handle-next-server-request
> backgroundRun
Evaluating tasks: compile:backgroundRun
Running task... Cancel: sbt.server.ServerTaskCancellation@3f15e1eb, check cycles: false
Total time: 0 s, completed Dec 5, 2015 3:28:52 PM
> server-post-command-cleanup
> server-handle-next-server-request
> {file:/Users/Puffy/git/dajia/play-java/}root/*:playForkConfig
Evaluating tasks: *:playForkConfig
Running task... Cancel: sbt.server.ServerTaskCancellation@3103e9a5, check cycles: false
Total time: 0 s, completed Dec 5, 2015 3:28:55 PM
> server-post-command-cleanup
> server-handle-next-server-request
> root/playForkNotifyStart http://localhost:9000
Evaluating tasks: *:playForkNotifyStart
Running task... Cancel: sbt.server.ServerTaskCancellation@6b642681, check cycles: false
Total time: 0 s, completed Dec 5, 2015 3:28:57 PM
> server-post-command-cleanup
> server-handle-next-server-request
> {file:/Users/Puffy/git/dajia/play-java/}root/*:playForkReload
Evaluating tasks: *:playForkReload
Running task... Cancel: sbt.server.ServerTaskCancellation@4fe57d2d, check cycles: false

Initial source changes: 
	removed:Set()
	added: Set()
	modified: Set()
Removed products: Set()
External API changes: API Changes: Set()
Modified binary dependencies: Set()
Initial directly invalidated sources: Set()

Sources indirectly invalidated by:
	product: Set()
	binary dep: Set()
	external source: Set()
All initially invalidated sources: Set()

Copy resource mappings: 
	(/Users/Puffy/git/dajia/play-java/conf/application.conf,/Users/Puffy/git/dajia/play-java/target/scala-2.11/classes/application.conf)
	(/Users/Puffy/git/dajia/play-java/conf/evolutions,/Users/Puffy/git/dajia/play-java/target/scala-2.11/classes/evolutions)
	(/Users/Puffy/git/dajia/play-java/conf/logback.xml,/Users/Puffy/git/dajia/play-java/target/scala-2.11/classes/logback.xml)
	(/Users/Puffy/git/dajia/play-java/conf/routes,/Users/Puffy/git/dajia/play-java/target/scala-2.11/classes/routes)
	(/Users/Puffy/git/dajia/play-java/conf/evolutions/default,/Users/Puffy/git/dajia/play-java/target/scala-2.11/classes/evolutions/default)
	(/Users/Puffy/git/dajia/play-java/conf/evolutions/default/1.sql,/Users/Puffy/git/dajia/play-java/target/scala-2.11/classes/evolutions/default/1.sql)
Total time: 1 s, completed Dec 5, 2015 3:29:10 PM
> server-post-command-cleanup
> server-handle-next-server-request
> compile
Evaluating tasks: compile:compile
Running task... Cancel: sbt.server.ServerTaskCancellation@7a1a90bf, check cycles: false

Initial source changes: 
	removed:Set()
	added: Set()
	modified: Set(/Users/Puffy/git/dajia/play-java/app/controllers/ProductController.java)
Removed products: Set()
External API changes: API Changes: Set()
Modified binary dependencies: Set()
Initial directly invalidated sources: Set(/Users/Puffy/git/dajia/play-java/app/controllers/ProductController.java)

Sources indirectly invalidated by:
	product: Set()
	binary dep: Set()
	external source: Set()
All initially invalidated sources: Set(/Users/Puffy/git/dajia/play-java/app/controllers/ProductController.java)

Read from stdout: Compiling 1 Java source to /Users/Puffy/git/dajia/play-java/target/scala-2.11/classes...
Compiling 1 Java source to /Users/Puffy/git/dajia/play-java/target/scala-2.11/classes...
Attempting to call com.sun.tools.javac.api.JavacTool@133a99f4 directly...
Java compilation took 0.135642134 s
Java analysis took 0.105356569 s
Java compile + analysis took 0.251705006 s
New invalidations:
	Set()
Initial set of included nodes: Set()
Previously invalidated, but (transitively) depend on new invalidations:
	Set()
All newly invalidated sources after taking into account (previously) recompiled sources:Set()
Total time: 1 s, completed Dec 5, 2015 3:39:35 PM
> server-post-command-cleanup
> server-handle-next-server-request
> {file:/Users/Puffy/git/dajia/play-java/}root/*:playForkReload
Evaluating tasks: *:playForkReload
Running task... Cancel: sbt.server.ServerTaskCancellation@19b6796e, check cycles: false

Initial source changes: 
	removed:Set()
	added: Set()
	modified: Set()
Removed products: Set()
External API changes: API Changes: Set()
Modified binary dependencies: Set()
Initial directly invalidated sources: Set()

Sources indirectly invalidated by:
	product: Set()
	binary dep: Set()
	external source: Set()
All initially invalidated sources: Set()

Copy resource mappings: 
	(/Users/Puffy/git/dajia/play-java/conf/application.conf,/Users/Puffy/git/dajia/play-java/target/scala-2.11/classes/application.conf)
	(/Users/Puffy/git/dajia/play-java/conf/evolutions,/Users/Puffy/git/dajia/play-java/target/scala-2.11/classes/evolutions)
	(/Users/Puffy/git/dajia/play-java/conf/logback.xml,/Users/Puffy/git/dajia/play-java/target/scala-2.11/classes/logback.xml)
	(/Users/Puffy/git/dajia/play-java/conf/routes,/Users/Puffy/git/dajia/play-java/target/scala-2.11/classes/routes)
	(/Users/Puffy/git/dajia/play-java/conf/evolutions/default,/Users/Puffy/git/dajia/play-java/target/scala-2.11/classes/evolutions/default)
	(/Users/Puffy/git/dajia/play-java/conf/evolutions/default/1.sql,/Users/Puffy/git/dajia/play-java/target/scala-2.11/classes/evolutions/default/1.sql)
Total time: 1 s, completed Dec 5, 2015 3:39:42 PM
> server-post-command-cleanup
> server-handle-next-server-request
> compile
Evaluating tasks: compile:compile
Running task... Cancel: sbt.server.ServerTaskCancellation@53611149, check cycles: false

Initial source changes: 
	removed:Set()
	added: Set()
	modified: Set(/Users/Puffy/git/dajia/play-java/app/controllers/ProductController.java)
Removed products: Set()
External API changes: API Changes: Set()
Modified binary dependencies: Set()
Initial directly invalidated sources: Set(/Users/Puffy/git/dajia/play-java/app/controllers/ProductController.java)

Sources indirectly invalidated by:
	product: Set()
	binary dep: Set()
	external source: Set()
All initially invalidated sources: Set(/Users/Puffy/git/dajia/play-java/app/controllers/ProductController.java)

Read from stdout: Compiling 1 Java source to /Users/Puffy/git/dajia/play-java/target/scala-2.11/classes...
Compiling 1 Java source to /Users/Puffy/git/dajia/play-java/target/scala-2.11/classes...
Attempting to call com.sun.tools.javac.api.JavacTool@7dced046 directly...
Read from stdout: /Users/Puffy/git/dajia/play-java/app/controllers/ProductController.java:34: 找不到符号
Read from stdout: 符号:   变量 vendorImg
Read from stdout: 位置: 类 controllers.ProductController
/Users/Puffy/git/dajia/play-java/app/controllers/ProductController.java:34: 找不到符号
  符号:   变量 vendorImg
  位置: 类 controllers.ProductController
Read from stdout: vendorImg
vendorImg
Read from stdout: /Users/Puffy/git/dajia/play-java/app/controllers/ProductController.java:34: 找不到符号
Read from stdout: 符号:   变量 vendorImg
Read from stdout: 位置: 类 controllers.ProductController
/Users/Puffy/git/dajia/play-java/app/controllers/ProductController.java:34: 找不到符号
  符号:   变量 vendorImg
  位置: 类 controllers.ProductController
Read from stdout: vendorImg
vendorImg
Read from stdout: (compile:compileIncremental) javac returned nonzero exit code
(compile:compileIncremental) javac returned nonzero exit code
Total time: 1 s, completed Dec 6, 2015 2:03:38 AM
> server-post-command-error-handler
> server-post-command-cleanup
> server-handle-next-server-request
> compile
Evaluating tasks: compile:compile
Running task... Cancel: sbt.server.ServerTaskCancellation@40cb683c, check cycles: false

Initial source changes: 
	removed:Set()
	added: Set()
	modified: Set(/Users/Puffy/git/dajia/play-java/app/controllers/ProductController.java)
Removed products: Set()
External API changes: API Changes: Set()
Modified binary dependencies: Set()
Initial directly invalidated sources: Set(/Users/Puffy/git/dajia/play-java/app/controllers/ProductController.java)

Sources indirectly invalidated by:
	product: Set()
	binary dep: Set()
	external source: Set()
All initially invalidated sources: Set(/Users/Puffy/git/dajia/play-java/app/controllers/ProductController.java)

Read from stdout: Compiling 1 Java source to /Users/Puffy/git/dajia/play-java/target/scala-2.11/classes...
Compiling 1 Java source to /Users/Puffy/git/dajia/play-java/target/scala-2.11/classes...
Attempting to call com.sun.tools.javac.api.JavacTool@5826c9c3 directly...
Java compilation took 0.127829001 s
Java analysis took 0.12309607 s
Java compile + analysis took 0.256098802 s
New invalidations:
	Set()
Initial set of included nodes: Set()
Previously invalidated, but (transitively) depend on new invalidations:
	Set()
All newly invalidated sources after taking into account (previously) recompiled sources:Set()
Total time: 1 s, completed Dec 6, 2015 2:04:04 AM
> server-post-command-cleanup
> server-handle-next-server-request
> {file:/Users/Puffy/git/dajia/play-java/}root/*:playForkReload
Evaluating tasks: *:playForkReload
Running task... Cancel: sbt.server.ServerTaskCancellation@10e35c59, check cycles: false

Initial source changes: 
	removed:Set()
	added: Set()
	modified: Set()
Removed products: Set()
External API changes: API Changes: Set()
Modified binary dependencies: Set()
Initial directly invalidated sources: Set()

Sources indirectly invalidated by:
	product: Set()
	binary dep: Set()
	external source: Set()
All initially invalidated sources: Set()

Copy resource mappings: 
	(/Users/Puffy/git/dajia/play-java/conf/application.conf,/Users/Puffy/git/dajia/play-java/target/scala-2.11/classes/application.conf)
	(/Users/Puffy/git/dajia/play-java/conf/evolutions,/Users/Puffy/git/dajia/play-java/target/scala-2.11/classes/evolutions)
	(/Users/Puffy/git/dajia/play-java/conf/logback.xml,/Users/Puffy/git/dajia/play-java/target/scala-2.11/classes/logback.xml)
	(/Users/Puffy/git/dajia/play-java/conf/routes,/Users/Puffy/git/dajia/play-java/target/scala-2.11/classes/routes)
	(/Users/Puffy/git/dajia/play-java/conf/evolutions/default,/Users/Puffy/git/dajia/play-java/target/scala-2.11/classes/evolutions/default)
	(/Users/Puffy/git/dajia/play-java/conf/evolutions/default/1.sql,/Users/Puffy/git/dajia/play-java/target/scala-2.11/classes/evolutions/default/1.sql)
Total time: 1 s, completed Dec 6, 2015 2:04:15 AM
> server-post-command-cleanup
> server-handle-next-server-request
> compile
Evaluating tasks: compile:compile
Running task... Cancel: sbt.server.ServerTaskCancellation@2995c8fb, check cycles: false

Initial source changes: 
	removed:Set()
	added: Set()
	modified: Set(/Users/Puffy/git/dajia/play-java/app/controllers/ProductController.java)
Removed products: Set()
External API changes: API Changes: Set()
Modified binary dependencies: Set()
Initial directly invalidated sources: Set(/Users/Puffy/git/dajia/play-java/app/controllers/ProductController.java)

Sources indirectly invalidated by:
	product: Set()
	binary dep: Set()
	external source: Set()
All initially invalidated sources: Set(/Users/Puffy/git/dajia/play-java/app/controllers/ProductController.java)

Read from stdout: Compiling 1 Java source to /Users/Puffy/git/dajia/play-java/target/scala-2.11/classes...
Compiling 1 Java source to /Users/Puffy/git/dajia/play-java/target/scala-2.11/classes...
Attempting to call com.sun.tools.javac.api.JavacTool@4314352d directly...
Java compilation took 0.132056146 s
Java analysis took 0.110294071 s
Java compile + analysis took 0.253298955 s
New invalidations:
	Set()
Initial set of included nodes: Set()
Previously invalidated, but (transitively) depend on new invalidations:
	Set()
All newly invalidated sources after taking into account (previously) recompiled sources:Set()
Total time: 1 s, completed Dec 6, 2015 2:05:26 AM
> server-post-command-cleanup
> server-handle-next-server-request
> {file:/Users/Puffy/git/dajia/play-java/}root/*:playForkReload
Evaluating tasks: *:playForkReload
Running task... Cancel: sbt.server.ServerTaskCancellation@173f6075, check cycles: false

Initial source changes: 
	removed:Set()
	added: Set()
	modified: Set()
Removed products: Set()
External API changes: API Changes: Set()
Modified binary dependencies: Set()
Initial directly invalidated sources: Set()

Sources indirectly invalidated by:
	product: Set()
	binary dep: Set()
	external source: Set()
All initially invalidated sources: Set()

Copy resource mappings: 
	(/Users/Puffy/git/dajia/play-java/conf/application.conf,/Users/Puffy/git/dajia/play-java/target/scala-2.11/classes/application.conf)
	(/Users/Puffy/git/dajia/play-java/conf/evolutions,/Users/Puffy/git/dajia/play-java/target/scala-2.11/classes/evolutions)
	(/Users/Puffy/git/dajia/play-java/conf/logback.xml,/Users/Puffy/git/dajia/play-java/target/scala-2.11/classes/logback.xml)
	(/Users/Puffy/git/dajia/play-java/conf/routes,/Users/Puffy/git/dajia/play-java/target/scala-2.11/classes/routes)
	(/Users/Puffy/git/dajia/play-java/conf/evolutions/default,/Users/Puffy/git/dajia/play-java/target/scala-2.11/classes/evolutions/default)
	(/Users/Puffy/git/dajia/play-java/conf/evolutions/default/1.sql,/Users/Puffy/git/dajia/play-java/target/scala-2.11/classes/evolutions/default/1.sql)
Total time: 1 s, completed Dec 6, 2015 2:06:04 AM
> server-post-command-cleanup
> server-handle-next-server-request
